<?xml version="1.0" encoding="UTF-8"?>
<!-- Generated by org.testng.reporters.JUnitReportReporter -->
<testsuite hostname="DESKTOP-FD8UP50" failures="0" tests="1" name="sample.one" time="0.010" errors="0" timestamp="2022-05-06T09:47:34 IST" skipped="0">
  <testcase classname="sample.one" name="s" time="0.010"/>
  <system-out/>
</testsuite> <!-- sample.one -->
